2025-05-22 20:16:29,460 - apscheduler.scheduler - INFO - Adding job tentatively -- it will be properly scheduled when the scheduler starts
2025-05-22 20:16:29,460 - apscheduler.scheduler - INFO - Adding job tentatively -- it will be properly scheduled when the scheduler starts
2025-05-22 20:16:29,461 - apscheduler.scheduler - INFO - Adding job tentatively -- it will be properly scheduled when the scheduler starts
2025-05-22 20:16:29,461 - apscheduler.scheduler - INFO - Adding job tentatively -- it will be properly scheduled when the scheduler starts
2025-05-22 20:16:29,461 - apscheduler.scheduler - INFO - Adding job tentatively -- it will be properly scheduled when the scheduler starts
2025-05-22 20:16:29,462 - apscheduler.scheduler - INFO - Adding job tentatively -- it will be properly scheduled when the scheduler starts
2025-05-22 20:16:29,462 - apscheduler.scheduler - INFO - Adding job tentatively -- it will be properly scheduled when the scheduler starts
2025-05-22 20:16:29,462 - apscheduler.scheduler - INFO - Adding job tentatively -- it will be properly scheduled when the scheduler starts
2025-05-22 20:16:29,463 - apscheduler.scheduler - INFO - Adding job tentatively -- it will be properly scheduled when the scheduler starts
2025-05-22 20:16:29,463 - apscheduler.scheduler - INFO - Adding job tentatively -- it will be properly scheduled when the scheduler starts
2025-05-22 20:16:29,463 - apscheduler.scheduler - INFO - Adding job tentatively -- it will be properly scheduled when the scheduler starts
2025-05-22 20:16:29,463 - apscheduler.scheduler - INFO - Adding job tentatively -- it will be properly scheduled when the scheduler starts
2025-05-22 20:16:29,464 - apscheduler.scheduler - INFO - Adding job tentatively -- it will be properly scheduled when the scheduler starts
2025-05-22 20:16:29,464 - apscheduler.scheduler - INFO - Adding job tentatively -- it will be properly scheduled when the scheduler starts
2025-05-22 20:16:29,464 - apscheduler.scheduler - INFO - Adding job tentatively -- it will be properly scheduled when the scheduler starts
2025-05-22 20:16:29,464 - apscheduler.scheduler - INFO - Adding job tentatively -- it will be properly scheduled when the scheduler starts
2025-05-22 20:16:29,465 - apscheduler.scheduler - INFO - Adding job tentatively -- it will be properly scheduled when the scheduler starts
2025-05-22 20:16:29,465 - apscheduler.scheduler - INFO - Adding job tentatively -- it will be properly scheduled when the scheduler starts
2025-05-22 20:16:29,465 - apscheduler.scheduler - INFO - Adding job tentatively -- it will be properly scheduled when the scheduler starts
2025-05-22 20:16:29,466 - apscheduler.scheduler - INFO - Adding job tentatively -- it will be properly scheduled when the scheduler starts
2025-05-22 20:16:29,466 - apscheduler.scheduler - INFO - Adding job tentatively -- it will be properly scheduled when the scheduler starts
2025-05-22 20:16:29,467 - apscheduler.scheduler - INFO - Adding job tentatively -- it will be properly scheduled when the scheduler starts
2025-05-22 20:16:29,467 - apscheduler.scheduler - INFO - Adding job tentatively -- it will be properly scheduled when the scheduler starts
2025-05-22 20:16:29,468 - apscheduler.scheduler - INFO - Adding job tentatively -- it will be properly scheduled when the scheduler starts
2025-05-22 20:16:29,468 - apscheduler.scheduler - INFO - Adding job tentatively -- it will be properly scheduled when the scheduler starts
2025-05-22 20:16:29,468 - apscheduler.scheduler - INFO - Adding job tentatively -- it will be properly scheduled when the scheduler starts
2025-05-22 20:16:29,469 - apscheduler.scheduler - INFO - Adding job tentatively -- it will be properly scheduled when the scheduler starts
2025-05-22 20:16:29,469 - apscheduler.scheduler - INFO - Adding job tentatively -- it will be properly scheduled when the scheduler starts
2025-05-22 20:16:29,470 - apscheduler.scheduler - INFO - Adding job tentatively -- it will be properly scheduled when the scheduler starts
2025-05-22 20:16:29,470 - apscheduler.scheduler - INFO - Adding job tentatively -- it will be properly scheduled when the scheduler starts
2025-05-22 20:16:29,470 - apscheduler.scheduler - INFO - Adding job tentatively -- it will be properly scheduled when the scheduler starts
2025-05-22 20:16:29,471 - apscheduler.scheduler - INFO - Adding job tentatively -- it will be properly scheduled when the scheduler starts
2025-05-22 20:16:29,471 - apscheduler.scheduler - INFO - Adding job tentatively -- it will be properly scheduled when the scheduler starts
2025-05-22 20:16:29,472 - apscheduler.scheduler - INFO - Adding job tentatively -- it will be properly scheduled when the scheduler starts
2025-05-22 20:16:29,472 - apscheduler.scheduler - INFO - Adding job tentatively -- it will be properly scheduled when the scheduler starts
2025-05-22 20:16:29,472 - apscheduler.scheduler - INFO - Adding job tentatively -- it will be properly scheduled when the scheduler starts
2025-05-22 20:16:29,473 - apscheduler.scheduler - INFO - Adding job tentatively -- it will be properly scheduled when the scheduler starts
2025-05-22 20:16:29,473 - apscheduler.scheduler - INFO - Adding job tentatively -- it will be properly scheduled when the scheduler starts
2025-05-22 20:16:29,473 - apscheduler.scheduler - INFO - Adding job tentatively -- it will be properly scheduled when the scheduler starts
2025-05-22 20:16:29,474 - apscheduler.scheduler - INFO - Adding job tentatively -- it will be properly scheduled when the scheduler starts
2025-05-22 20:16:29,474 - apscheduler.scheduler - INFO - Adding job tentatively -- it will be properly scheduled when the scheduler starts
2025-05-22 20:16:29,475 - apscheduler.scheduler - INFO - Adding job tentatively -- it will be properly scheduled when the scheduler starts
2025-05-22 20:16:29,476 - apscheduler.scheduler - INFO - Adding job tentatively -- it will be properly scheduled when the scheduler starts
2025-05-22 20:16:29,477 - apscheduler.scheduler - INFO - Adding job tentatively -- it will be properly scheduled when the scheduler starts
2025-05-22 20:16:29,477 - apscheduler.scheduler - INFO - Adding job tentatively -- it will be properly scheduled when the scheduler starts
2025-05-22 20:16:29,478 - apscheduler.scheduler - INFO - Adding job tentatively -- it will be properly scheduled when the scheduler starts
2025-05-22 20:16:29,478 - apscheduler.scheduler - INFO - Adding job tentatively -- it will be properly scheduled when the scheduler starts
2025-05-22 20:16:29,479 - apscheduler.scheduler - INFO - Adding job tentatively -- it will be properly scheduled when the scheduler starts
2025-05-22 20:16:29,480 - apscheduler.scheduler - INFO - Adding job tentatively -- it will be properly scheduled when the scheduler starts
2025-05-22 20:16:29,480 - apscheduler.scheduler - INFO - Adding job tentatively -- it will be properly scheduled when the scheduler starts
2025-05-22 20:16:29,480 - apscheduler.scheduler - INFO - Adding job tentatively -- it will be properly scheduled when the scheduler starts
2025-05-22 20:16:29,481 - apscheduler.scheduler - INFO - Adding job tentatively -- it will be properly scheduled when the scheduler starts
2025-05-22 20:16:29,481 - apscheduler.scheduler - INFO - Adding job tentatively -- it will be properly scheduled when the scheduler starts
2025-05-22 20:16:29,482 - apscheduler.scheduler - INFO - Adding job tentatively -- it will be properly scheduled when the scheduler starts
2025-05-22 20:16:29,482 - apscheduler.scheduler - INFO - Adding job tentatively -- it will be properly scheduled when the scheduler starts
2025-05-22 20:16:29,482 - apscheduler.scheduler - INFO - Adding job tentatively -- it will be properly scheduled when the scheduler starts
2025-05-22 20:16:29,483 - apscheduler.scheduler - INFO - Adding job tentatively -- it will be properly scheduled when the scheduler starts
2025-05-22 20:16:29,483 - apscheduler.scheduler - INFO - Adding job tentatively -- it will be properly scheduled when the scheduler starts
2025-05-22 20:16:29,483 - apscheduler.scheduler - INFO - Adding job tentatively -- it will be properly scheduled when the scheduler starts
2025-05-22 20:16:29,484 - apscheduler.scheduler - INFO - Adding job tentatively -- it will be properly scheduled when the scheduler starts
2025-05-22 20:16:29,484 - apscheduler.scheduler - INFO - Adding job tentatively -- it will be properly scheduled when the scheduler starts
2025-05-22 20:16:29,484 - apscheduler.scheduler - INFO - Adding job tentatively -- it will be properly scheduled when the scheduler starts
2025-05-22 20:16:29,486 - apscheduler.scheduler - INFO - Adding job tentatively -- it will be properly scheduled when the scheduler starts
2025-05-22 20:16:31,125 - apscheduler.scheduler - INFO - Adding job tentatively -- it will be properly scheduled when the scheduler starts
2025-05-22 20:16:31,126 - apscheduler.scheduler - INFO - Adding job tentatively -- it will be properly scheduled when the scheduler starts
2025-05-22 20:16:31,126 - apscheduler.scheduler - INFO - Adding job tentatively -- it will be properly scheduled when the scheduler starts
2025-05-22 20:16:31,127 - apscheduler.scheduler - INFO - Adding job tentatively -- it will be properly scheduled when the scheduler starts
2025-05-22 20:16:31,127 - apscheduler.scheduler - INFO - Adding job tentatively -- it will be properly scheduled when the scheduler starts
2025-05-22 20:16:31,127 - apscheduler.scheduler - INFO - Adding job tentatively -- it will be properly scheduled when the scheduler starts
2025-05-22 20:16:31,128 - apscheduler.scheduler - INFO - Adding job tentatively -- it will be properly scheduled when the scheduler starts
2025-05-22 20:16:31,128 - apscheduler.scheduler - INFO - Adding job tentatively -- it will be properly scheduled when the scheduler starts
2025-05-22 20:16:31,128 - apscheduler.scheduler - INFO - Adding job tentatively -- it will be properly scheduled when the scheduler starts
2025-05-22 20:16:31,129 - apscheduler.scheduler - INFO - Adding job tentatively -- it will be properly scheduled when the scheduler starts
2025-05-22 20:16:31,129 - apscheduler.scheduler - INFO - Adding job tentatively -- it will be properly scheduled when the scheduler starts
2025-05-22 20:16:31,129 - apscheduler.scheduler - INFO - Adding job tentatively -- it will be properly scheduled when the scheduler starts
2025-05-22 20:16:31,130 - apscheduler.scheduler - INFO - Adding job tentatively -- it will be properly scheduled when the scheduler starts
2025-05-22 20:16:31,130 - apscheduler.scheduler - INFO - Adding job tentatively -- it will be properly scheduled when the scheduler starts
2025-05-22 20:16:31,130 - apscheduler.scheduler - INFO - Adding job tentatively -- it will be properly scheduled when the scheduler starts
2025-05-22 20:16:31,131 - apscheduler.scheduler - INFO - Adding job tentatively -- it will be properly scheduled when the scheduler starts
2025-05-22 20:16:31,131 - apscheduler.scheduler - INFO - Adding job tentatively -- it will be properly scheduled when the scheduler starts
2025-05-22 20:16:31,131 - apscheduler.scheduler - INFO - Adding job tentatively -- it will be properly scheduled when the scheduler starts
2025-05-22 20:16:31,131 - apscheduler.scheduler - INFO - Adding job tentatively -- it will be properly scheduled when the scheduler starts
2025-05-22 20:16:31,132 - apscheduler.scheduler - INFO - Adding job tentatively -- it will be properly scheduled when the scheduler starts
2025-05-22 20:16:31,132 - apscheduler.scheduler - INFO - Adding job tentatively -- it will be properly scheduled when the scheduler starts
2025-05-22 20:16:31,133 - apscheduler.scheduler - INFO - Adding job tentatively -- it will be properly scheduled when the scheduler starts
2025-05-22 20:16:31,133 - apscheduler.scheduler - INFO - Adding job tentatively -- it will be properly scheduled when the scheduler starts
2025-05-22 20:16:31,134 - apscheduler.scheduler - INFO - Adding job tentatively -- it will be properly scheduled when the scheduler starts
2025-05-22 20:16:31,134 - apscheduler.scheduler - INFO - Adding job tentatively -- it will be properly scheduled when the scheduler starts
2025-05-22 20:16:31,134 - apscheduler.scheduler - INFO - Adding job tentatively -- it will be properly scheduled when the scheduler starts
2025-05-22 20:16:31,135 - apscheduler.scheduler - INFO - Adding job tentatively -- it will be properly scheduled when the scheduler starts
2025-05-22 20:16:31,135 - apscheduler.scheduler - INFO - Adding job tentatively -- it will be properly scheduled when the scheduler starts
2025-05-22 20:16:31,135 - apscheduler.scheduler - INFO - Adding job tentatively -- it will be properly scheduled when the scheduler starts
2025-05-22 20:16:31,135 - apscheduler.scheduler - INFO - Adding job tentatively -- it will be properly scheduled when the scheduler starts
2025-05-22 20:16:31,136 - apscheduler.scheduler - INFO - Adding job tentatively -- it will be properly scheduled when the scheduler starts
2025-05-22 20:16:31,136 - apscheduler.scheduler - INFO - Adding job tentatively -- it will be properly scheduled when the scheduler starts
2025-05-22 20:16:31,136 - apscheduler.scheduler - INFO - Adding job tentatively -- it will be properly scheduled when the scheduler starts
2025-05-22 20:16:31,137 - apscheduler.scheduler - INFO - Adding job tentatively -- it will be properly scheduled when the scheduler starts
2025-05-22 20:16:31,137 - apscheduler.scheduler - INFO - Adding job tentatively -- it will be properly scheduled when the scheduler starts
2025-05-22 20:16:31,138 - apscheduler.scheduler - INFO - Adding job tentatively -- it will be properly scheduled when the scheduler starts
2025-05-22 20:16:31,138 - apscheduler.scheduler - INFO - Adding job tentatively -- it will be properly scheduled when the scheduler starts
2025-05-22 20:16:31,138 - apscheduler.scheduler - INFO - Adding job tentatively -- it will be properly scheduled when the scheduler starts
2025-05-22 20:16:31,139 - apscheduler.scheduler - INFO - Adding job tentatively -- it will be properly scheduled when the scheduler starts
2025-05-22 20:16:31,139 - apscheduler.scheduler - INFO - Adding job tentatively -- it will be properly scheduled when the scheduler starts
2025-05-22 20:16:31,139 - apscheduler.scheduler - INFO - Adding job tentatively -- it will be properly scheduled when the scheduler starts
2025-05-22 20:16:31,139 - apscheduler.scheduler - INFO - Adding job tentatively -- it will be properly scheduled when the scheduler starts
2025-05-22 20:16:31,140 - apscheduler.scheduler - INFO - Adding job tentatively -- it will be properly scheduled when the scheduler starts
2025-05-22 20:16:31,140 - apscheduler.scheduler - INFO - Adding job tentatively -- it will be properly scheduled when the scheduler starts
2025-05-22 20:16:31,140 - apscheduler.scheduler - INFO - Adding job tentatively -- it will be properly scheduled when the scheduler starts
2025-05-22 20:16:31,141 - apscheduler.scheduler - INFO - Adding job tentatively -- it will be properly scheduled when the scheduler starts
2025-05-22 20:16:31,141 - apscheduler.scheduler - INFO - Adding job tentatively -- it will be properly scheduled when the scheduler starts
2025-05-22 20:16:31,141 - apscheduler.scheduler - INFO - Adding job tentatively -- it will be properly scheduled when the scheduler starts
2025-05-22 20:16:31,142 - apscheduler.scheduler - INFO - Adding job tentatively -- it will be properly scheduled when the scheduler starts
2025-05-22 20:16:31,142 - apscheduler.scheduler - INFO - Adding job tentatively -- it will be properly scheduled when the scheduler starts
2025-05-22 20:16:31,142 - apscheduler.scheduler - INFO - Adding job tentatively -- it will be properly scheduled when the scheduler starts
2025-05-22 20:16:31,143 - apscheduler.scheduler - INFO - Adding job tentatively -- it will be properly scheduled when the scheduler starts
2025-05-22 20:16:31,143 - apscheduler.scheduler - INFO - Adding job tentatively -- it will be properly scheduled when the scheduler starts
2025-05-22 20:16:31,143 - apscheduler.scheduler - INFO - Adding job tentatively -- it will be properly scheduled when the scheduler starts
2025-05-22 20:16:31,143 - apscheduler.scheduler - INFO - Adding job tentatively -- it will be properly scheduled when the scheduler starts
2025-05-22 20:16:31,144 - apscheduler.scheduler - INFO - Adding job tentatively -- it will be properly scheduled when the scheduler starts
2025-05-22 20:16:31,144 - apscheduler.scheduler - INFO - Adding job tentatively -- it will be properly scheduled when the scheduler starts
2025-05-22 20:16:31,144 - apscheduler.scheduler - INFO - Adding job tentatively -- it will be properly scheduled when the scheduler starts
2025-05-22 20:16:31,145 - apscheduler.scheduler - INFO - Adding job tentatively -- it will be properly scheduled when the scheduler starts
2025-05-22 20:16:31,145 - apscheduler.scheduler - INFO - Adding job tentatively -- it will be properly scheduled when the scheduler starts
2025-05-22 20:16:31,145 - apscheduler.scheduler - INFO - Adding job tentatively -- it will be properly scheduled when the scheduler starts
2025-05-22 20:16:31,146 - apscheduler.scheduler - INFO - Adding job tentatively -- it will be properly scheduled when the scheduler starts
2025-05-22 20:16:31,147 - apscheduler.scheduler - INFO - Adding job tentatively -- it will be properly scheduled when the scheduler starts
2025-05-22 20:16:31,241 - apscheduler.scheduler - INFO - Adding job tentatively -- it will be properly scheduled when the scheduler starts
2025-05-22 20:16:31,242 - apscheduler.scheduler - INFO - Adding job tentatively -- it will be properly scheduled when the scheduler starts
2025-05-22 20:16:31,243 - apscheduler.scheduler - INFO - Adding job tentatively -- it will be properly scheduled when the scheduler starts
2025-05-22 20:16:31,243 - apscheduler.scheduler - INFO - Adding job tentatively -- it will be properly scheduled when the scheduler starts
2025-05-22 20:16:31,244 - apscheduler.scheduler - INFO - Adding job tentatively -- it will be properly scheduled when the scheduler starts
2025-05-22 20:16:31,244 - apscheduler.scheduler - INFO - Adding job tentatively -- it will be properly scheduled when the scheduler starts
2025-05-22 20:16:31,245 - apscheduler.scheduler - INFO - Adding job tentatively -- it will be properly scheduled when the scheduler starts
2025-05-22 20:16:31,245 - apscheduler.scheduler - INFO - Adding job tentatively -- it will be properly scheduled when the scheduler starts
2025-05-22 20:16:31,246 - apscheduler.scheduler - INFO - Adding job tentatively -- it will be properly scheduled when the scheduler starts
2025-05-22 20:16:31,246 - apscheduler.scheduler - INFO - Adding job tentatively -- it will be properly scheduled when the scheduler starts
2025-05-22 20:16:31,247 - apscheduler.scheduler - INFO - Adding job tentatively -- it will be properly scheduled when the scheduler starts
2025-05-22 20:16:31,247 - apscheduler.scheduler - INFO - Adding job tentatively -- it will be properly scheduled when the scheduler starts
2025-05-22 20:16:31,248 - apscheduler.scheduler - INFO - Adding job tentatively -- it will be properly scheduled when the scheduler starts
2025-05-22 20:16:31,248 - apscheduler.scheduler - INFO - Adding job tentatively -- it will be properly scheduled when the scheduler starts
2025-05-22 20:16:31,249 - apscheduler.scheduler - INFO - Adding job tentatively -- it will be properly scheduled when the scheduler starts
2025-05-22 20:16:31,249 - apscheduler.scheduler - INFO - Adding job tentatively -- it will be properly scheduled when the scheduler starts
2025-05-22 20:16:31,249 - apscheduler.scheduler - INFO - Adding job tentatively -- it will be properly scheduled when the scheduler starts
2025-05-22 20:16:31,249 - apscheduler.scheduler - INFO - Adding job tentatively -- it will be properly scheduled when the scheduler starts
2025-05-22 20:16:31,250 - apscheduler.scheduler - INFO - Adding job tentatively -- it will be properly scheduled when the scheduler starts
2025-05-22 20:16:31,250 - apscheduler.scheduler - INFO - Adding job tentatively -- it will be properly scheduled when the scheduler starts
2025-05-22 20:16:31,250 - apscheduler.scheduler - INFO - Adding job tentatively -- it will be properly scheduled when the scheduler starts
2025-05-22 20:16:31,251 - apscheduler.scheduler - INFO - Adding job tentatively -- it will be properly scheduled when the scheduler starts
2025-05-22 20:16:31,251 - apscheduler.scheduler - INFO - Adding job tentatively -- it will be properly scheduled when the scheduler starts
2025-05-22 20:16:31,251 - apscheduler.scheduler - INFO - Adding job tentatively -- it will be properly scheduled when the scheduler starts
2025-05-22 20:16:31,251 - apscheduler.scheduler - INFO - Adding job tentatively -- it will be properly scheduled when the scheduler starts
2025-05-22 20:16:31,252 - apscheduler.scheduler - INFO - Adding job tentatively -- it will be properly scheduled when the scheduler starts
2025-05-22 20:16:31,253 - apscheduler.scheduler - INFO - Adding job tentatively -- it will be properly scheduled when the scheduler starts
2025-05-22 20:16:31,253 - apscheduler.scheduler - INFO - Adding job tentatively -- it will be properly scheduled when the scheduler starts
2025-05-22 20:16:31,254 - apscheduler.scheduler - INFO - Adding job tentatively -- it will be properly scheduled when the scheduler starts
2025-05-22 20:16:31,254 - apscheduler.scheduler - INFO - Adding job tentatively -- it will be properly scheduled when the scheduler starts
2025-05-22 20:16:31,254 - apscheduler.scheduler - INFO - Adding job tentatively -- it will be properly scheduled when the scheduler starts
2025-05-22 20:16:31,255 - apscheduler.scheduler - INFO - Adding job tentatively -- it will be properly scheduled when the scheduler starts
2025-05-22 20:16:31,255 - apscheduler.scheduler - INFO - Adding job tentatively -- it will be properly scheduled when the scheduler starts
2025-05-22 20:16:31,255 - apscheduler.scheduler - INFO - Adding job tentatively -- it will be properly scheduled when the scheduler starts
2025-05-22 20:16:31,255 - apscheduler.scheduler - INFO - Adding job tentatively -- it will be properly scheduled when the scheduler starts
2025-05-22 20:16:31,256 - apscheduler.scheduler - INFO - Adding job tentatively -- it will be properly scheduled when the scheduler starts
2025-05-22 20:16:31,256 - apscheduler.scheduler - INFO - Adding job tentatively -- it will be properly scheduled when the scheduler starts
2025-05-22 20:16:31,256 - apscheduler.scheduler - INFO - Adding job tentatively -- it will be properly scheduled when the scheduler starts
2025-05-22 20:16:31,257 - apscheduler.scheduler - INFO - Adding job tentatively -- it will be properly scheduled when the scheduler starts
2025-05-22 20:16:31,257 - apscheduler.scheduler - INFO - Adding job tentatively -- it will be properly scheduled when the scheduler starts
2025-05-22 20:16:31,257 - apscheduler.scheduler - INFO - Adding job tentatively -- it will be properly scheduled when the scheduler starts
2025-05-22 20:16:31,258 - apscheduler.scheduler - INFO - Adding job tentatively -- it will be properly scheduled when the scheduler starts
2025-05-22 20:16:31,258 - apscheduler.scheduler - INFO - Adding job tentatively -- it will be properly scheduled when the scheduler starts
2025-05-22 20:16:31,258 - apscheduler.scheduler - INFO - Adding job tentatively -- it will be properly scheduled when the scheduler starts
2025-05-22 20:16:31,259 - apscheduler.scheduler - INFO - Adding job tentatively -- it will be properly scheduled when the scheduler starts
2025-05-22 20:16:31,259 - apscheduler.scheduler - INFO - Adding job tentatively -- it will be properly scheduled when the scheduler starts
2025-05-22 20:16:31,259 - apscheduler.scheduler - INFO - Adding job tentatively -- it will be properly scheduled when the scheduler starts
2025-05-22 20:16:31,260 - apscheduler.scheduler - INFO - Adding job tentatively -- it will be properly scheduled when the scheduler starts
2025-05-22 20:16:31,260 - apscheduler.scheduler - INFO - Adding job tentatively -- it will be properly scheduled when the scheduler starts
2025-05-22 20:16:31,260 - apscheduler.scheduler - INFO - Adding job tentatively -- it will be properly scheduled when the scheduler starts
2025-05-22 20:16:31,261 - apscheduler.scheduler - INFO - Adding job tentatively -- it will be properly scheduled when the scheduler starts
2025-05-22 20:16:31,261 - apscheduler.scheduler - INFO - Adding job tentatively -- it will be properly scheduled when the scheduler starts
2025-05-22 20:16:31,261 - apscheduler.scheduler - INFO - Adding job tentatively -- it will be properly scheduled when the scheduler starts
2025-05-22 20:16:31,261 - apscheduler.scheduler - INFO - Adding job tentatively -- it will be properly scheduled when the scheduler starts
2025-05-22 20:16:31,262 - apscheduler.scheduler - INFO - Adding job tentatively -- it will be properly scheduled when the scheduler starts
2025-05-22 20:16:31,262 - apscheduler.scheduler - INFO - Adding job tentatively -- it will be properly scheduled when the scheduler starts
2025-05-22 20:16:31,262 - apscheduler.scheduler - INFO - Adding job tentatively -- it will be properly scheduled when the scheduler starts
2025-05-22 20:16:31,263 - apscheduler.scheduler - INFO - Adding job tentatively -- it will be properly scheduled when the scheduler starts
2025-05-22 20:16:31,263 - apscheduler.scheduler - INFO - Adding job tentatively -- it will be properly scheduled when the scheduler starts
2025-05-22 20:16:31,263 - apscheduler.scheduler - INFO - Adding job tentatively -- it will be properly scheduled when the scheduler starts
2025-05-22 20:16:31,264 - apscheduler.scheduler - INFO - Adding job tentatively -- it will be properly scheduled when the scheduler starts
2025-05-22 20:16:31,264 - apscheduler.scheduler - INFO - Adding job tentatively -- it will be properly scheduled when the scheduler starts
2025-05-22 20:16:31,264 - apscheduler.scheduler - INFO - Adding job tentatively -- it will be properly scheduled when the scheduler starts
2025-05-22 20:16:31,281 - apscheduler.scheduler - INFO - Added job "monitor_stories" to job store "default"
2025-05-22 20:16:31,281 - apscheduler.scheduler - INFO - Added job "monitor_stories" to job store "default"
2025-05-22 20:16:31,282 - apscheduler.scheduler - INFO - Added job "monitor_stories" to job store "default"
2025-05-22 20:16:31,282 - apscheduler.scheduler - INFO - Added job "monitor_stories" to job store "default"
2025-05-22 20:16:31,282 - apscheduler.scheduler - INFO - Added job "monitor_stories" to job store "default"
2025-05-22 20:16:31,283 - apscheduler.scheduler - INFO - Added job "monitor_stories" to job store "default"
2025-05-22 20:16:31,283 - apscheduler.scheduler - INFO - Added job "monitor_stories" to job store "default"
2025-05-22 20:16:31,284 - apscheduler.scheduler - INFO - Added job "monitor_stories" to job store "default"
2025-05-22 20:16:31,284 - apscheduler.scheduler - INFO - Added job "monitor_stories" to job store "default"
2025-05-22 20:16:31,284 - apscheduler.scheduler - INFO - Added job "monitor_stories" to job store "default"
2025-05-22 20:16:31,285 - apscheduler.scheduler - INFO - Added job "monitor_stories" to job store "default"
2025-05-22 20:16:31,285 - apscheduler.scheduler - INFO - Added job "monitor_stories" to job store "default"
2025-05-22 20:16:31,285 - apscheduler.scheduler - INFO - Added job "monitor_stories" to job store "default"
2025-05-22 20:16:31,286 - apscheduler.scheduler - INFO - Added job "monitor_stories" to job store "default"
2025-05-22 20:16:31,287 - apscheduler.scheduler - INFO - Added job "monitor_stories" to job store "default"
2025-05-22 20:16:31,287 - apscheduler.scheduler - INFO - Added job "monitor_stories" to job store "default"
2025-05-22 20:16:31,288 - apscheduler.scheduler - INFO - Added job "monitor_stories" to job store "default"
2025-05-22 20:16:31,289 - apscheduler.scheduler - INFO - Added job "monitor_stories" to job store "default"
2025-05-22 20:16:31,289 - apscheduler.scheduler - INFO - Added job "monitor_stories" to job store "default"
2025-05-22 20:16:31,290 - apscheduler.scheduler - INFO - Added job "monitor_stories" to job store "default"
2025-05-22 20:16:31,290 - apscheduler.scheduler - INFO - Added job "monitor_stories" to job store "default"
2025-05-22 20:16:31,290 - apscheduler.scheduler - INFO - Added job "monitor_stories" to job store "default"
2025-05-22 20:16:31,291 - apscheduler.scheduler - INFO - Added job "monitor_stories" to job store "default"
2025-05-22 20:16:31,291 - apscheduler.scheduler - INFO - Added job "monitor_stories" to job store "default"
2025-05-22 20:16:31,291 - apscheduler.scheduler - INFO - Added job "monitor_stories" to job store "default"
2025-05-22 20:16:31,292 - apscheduler.scheduler - INFO - Added job "monitor_stories" to job store "default"
2025-05-22 20:16:31,292 - apscheduler.scheduler - INFO - Added job "monitor_stories" to job store "default"
2025-05-22 20:16:31,292 - apscheduler.scheduler - INFO - Added job "monitor_stories" to job store "default"
2025-05-22 20:16:31,293 - apscheduler.scheduler - INFO - Added job "monitor_stories" to job store "default"
2025-05-22 20:16:31,293 - apscheduler.scheduler - INFO - Added job "monitor_stories" to job store "default"
2025-05-22 20:16:31,293 - apscheduler.scheduler - INFO - Added job "monitor_stories" to job store "default"
2025-05-22 20:16:31,293 - apscheduler.scheduler - INFO - Added job "monitor_stories" to job store "default"
2025-05-22 20:16:31,294 - apscheduler.scheduler - INFO - Added job "monitor_stories" to job store "default"
2025-05-22 20:16:31,294 - apscheduler.scheduler - INFO - Added job "monitor_stories" to job store "default"
2025-05-22 20:16:31,294 - apscheduler.scheduler - INFO - Added job "monitor_stories" to job store "default"
2025-05-22 20:16:31,295 - apscheduler.scheduler - INFO - Added job "monitor_stories" to job store "default"
2025-05-22 20:16:31,295 - apscheduler.scheduler - INFO - Added job "monitor_stories" to job store "default"
2025-05-22 20:16:31,295 - apscheduler.scheduler - INFO - Added job "monitor_stories" to job store "default"
2025-05-22 20:16:31,295 - apscheduler.scheduler - INFO - Added job "monitor_stories" to job store "default"
2025-05-22 20:16:31,296 - apscheduler.scheduler - INFO - Added job "monitor_stories" to job store "default"
2025-05-22 20:16:31,296 - apscheduler.scheduler - INFO - Added job "monitor_stories" to job store "default"
2025-05-22 20:16:31,296 - apscheduler.scheduler - INFO - Added job "monitor_stories" to job store "default"
2025-05-22 20:16:31,297 - apscheduler.scheduler - INFO - Added job "monitor_stories" to job store "default"
2025-05-22 20:16:31,297 - apscheduler.scheduler - INFO - Added job "monitor_stories" to job store "default"
2025-05-22 20:16:31,297 - apscheduler.scheduler - INFO - Added job "monitor_stories" to job store "default"
2025-05-22 20:16:31,297 - apscheduler.scheduler - INFO - Added job "monitor_stories" to job store "default"
2025-05-22 20:16:31,298 - apscheduler.scheduler - INFO - Added job "monitor_stories" to job store "default"
2025-05-22 20:16:31,298 - apscheduler.scheduler - INFO - Added job "run_all_scrapers" to job store "default"
2025-05-22 20:16:31,299 - apscheduler.scheduler - INFO - Added job "run_all_scrapers" to job store "default"
2025-05-22 20:16:31,299 - apscheduler.scheduler - INFO - Added job "run_all_scrapers" to job store "default"
2025-05-22 20:16:31,299 - apscheduler.scheduler - INFO - Added job "run_all_scrapers" to job store "default"
2025-05-22 20:16:31,299 - apscheduler.scheduler - INFO - Added job "run_all_scrapers" to job store "default"
2025-05-22 20:16:31,300 - apscheduler.scheduler - INFO - Added job "run_all_scrapers" to job store "default"
2025-05-22 20:16:31,300 - apscheduler.scheduler - INFO - Added job "run_all_scrapers" to job store "default"
2025-05-22 20:16:31,301 - apscheduler.scheduler - INFO - Added job "run_all_scrapers" to job store "default"
2025-05-22 20:16:31,301 - apscheduler.scheduler - INFO - Added job "run_all_scrapers" to job store "default"
2025-05-22 20:16:31,301 - apscheduler.scheduler - INFO - Added job "run_all_scrapers" to job store "default"
2025-05-22 20:16:31,302 - apscheduler.scheduler - INFO - Added job "run_all_scrapers" to job store "default"
2025-05-22 20:16:31,303 - apscheduler.scheduler - INFO - Added job "run_all_scrapers" to job store "default"
2025-05-22 20:16:31,304 - apscheduler.scheduler - INFO - Added job "run_all_scrapers" to job store "default"
2025-05-22 20:16:31,304 - apscheduler.scheduler - INFO - Added job "run_all_scrapers" to job store "default"
2025-05-22 20:16:31,304 - apscheduler.scheduler - INFO - Added job "run_all_scrapers" to job store "default"
2025-05-22 20:16:31,305 - apscheduler.scheduler - INFO - Added job "run_all_scrapers" to job store "default"
2025-05-22 20:16:31,305 - apscheduler.scheduler - INFO - Scheduler started
2025-05-22 20:16:31,305 - shopee_app - INFO - Aplicação iniciada e scheduler configurado - Horário Brasil: 2025-05-22 20:16:31
2025-05-22 20:17:01,271 - apscheduler.executors.default - INFO - Running job "run_all_scrapers (trigger: date[2025-05-22 20:17:01 -03], next run at: 2025-05-22 20:17:01 -03)" (scheduled at 2025-05-22 20:17:01.264787-03:00)
2025-05-22 20:17:01,271 - apscheduler.scheduler - INFO - Removed job initial_scraping
2025-05-22 20:17:01,272 - shopee_scraper - INFO - Iniciando scraping do PromoGeniais
2025-05-22 20:17:01,925 - shopee_scraper - INFO - Scraping finalizado. Total de cupons encontrados: 0
2025-05-22 20:17:01,926 - apscheduler.executors.default - INFO - Job "run_all_scrapers (trigger: date[2025-05-22 20:17:01 -03], next run at: 2025-05-22 20:17:01 -03)" executed successfully
